<?xml version="1.0" encoding="UTF-8"?>
<!-- Generated by org.testng.reporters.JUnitReportReporter -->
<testsuite hostname="CGI-D33403" name="ZephryDemo.SeleniumGridTest1" tests="1" failures="0" timestamp="19 Apr 2017 15:19:01 GMT" time="3.689" errors="0">
  <testcase name="runFirefox" time="3.689" classname="ZephryDemo.SeleniumGridTest1"/>
</testsuite> <!-- ZephryDemo.SeleniumGridTest1 -->
