<?xml version="1.0" encoding="UTF-8"?>
<!-- Generated by org.testng.reporters.JUnitReportReporter -->
<testsuite hostname="CGI-D33403" name="ZephryDemo.SeleniumGridTest2" tests="1" failures="0" timestamp="19 Apr 2017 15:19:01 GMT" time="10.351" errors="0">
  <testcase name="runChrome" time="10.351" classname="ZephryDemo.SeleniumGridTest2"/>
</testsuite> <!-- ZephryDemo.SeleniumGridTest2 -->
